<?xml version="1.0" encoding="UTF-8"?>
<!-- Generated by org.testng.reporters.JUnitXMLReporter -->
<testsuite hostname="SELIIWDPOSST214" name="AdminUI_Adapter_Execution_Test" tests="10" failures="0" timestamp="22 Feb 2018 07:26:53 GMT" time="21.815" errors="0">
  <testcase name="open_Chrome_and_start_application_and_naviagte_to_adminUI_URL" time="8.466" classname="AdminUI_Adapter_Execution_Test.StepDef_AdminUI"/>
  <testcase name="i_enter_valid_username_and_valid_password_And_click_on_LogIn_button" time="1.599" classname="AdminUI_Adapter_Execution_Test.StepDef_AdminUI"/>
  <testcase name="i_should_be_redirected_to_the_home_page_of_the_AdminUI_site" time="1.603" classname="AdminUI_Adapter_Execution_Test.StepDef_AdminUI"/>
  <testcase name="click_on_ETLC_Set_Scheduling_link" time="0.226" classname="AdminUI_Adapter_Execution_Test.StepDef_AdminUI"/>
  <testcase name="select_set_type_And_package" time="2.621" classname="AdminUI_Adapter_Execution_Test.StepDef_AdminUI"/>
  <testcase name="start_the_DSC_Adapter_and_wait_n_minutes" time="5.003" classname="AdminUI_Adapter_Execution_Test.StepDef_AdminUI"/>
  <testcase name="navigate_to_ETLC_Set_History" time="0.211" classname="AdminUI_Adapter_Execution_Test.StepDef_AdminUI"/>
  <testcase name="select_package_from_dropdown_box_and_select_Set_type_and_click_on_Search_button" time="1.771" classname="AdminUI_Adapter_Execution_Test.StepDef_AdminUI"/>
  <testcase name="take_time_difference_from_Start_column_and_Stop_column_of_DSC_Adapter" time="0.201" classname="AdminUI_Adapter_Execution_Test.StepDef_AdminUI"/>
  <testcase name="difference_should_be_less_than_minutes" time="0.0" classname="AdminUI_Adapter_Execution_Test.StepDef_AdminUI">
    <skipped/>
  </testcase> <!-- difference_should_be_less_than_minutes -->
</testsuite> <!-- AdminUI_Adapter_Execution_Test -->
